\BOOKMARK [0][-]{chapter.1}{\376\377\000\332\000v\000o\000d}{}% 1
\BOOKMARK [0][-]{chapter.2}{\376\377\000M\000o\000d\000e\000l\000o\000v\000\341\000n\000\355\000\040\000a\000\040\000s\000i\000m\000u\000l\000a\000c\000e}{}% 2
\BOOKMARK [1][-]{section.2.1}{\376\377\000P\000r\000o\000b\000l\000e\000m\000a\000t\000i\000k\000a\000\040\000m\000o\000d\000e\000l\000o\000v\000\341\000n\000\355\000\040\000a\000\040\000s\000i\000m\000u\000l\000a\000c\000\355}{chapter.2}% 3
\BOOKMARK [2][-]{subsection.2.1.1}{\376\377\000M\000o\000d\000e\000l\000o\000v\000\341\000n\000\355\000\040\000a\000\040\000m\000o\000d\000e\000l}{section.2.1}% 4
\BOOKMARK [2][-]{subsection.2.1.2}{\376\377\000S\000y\000s\000t\000\351\000m}{section.2.1}% 5
\BOOKMARK [2][-]{subsection.2.1.3}{\376\377\000S\000i\000m\000u\000l\000a\000c\000e}{section.2.1}% 6
\BOOKMARK [1][-]{section.2.2}{\376\377\000P\000o\000p\000i\000s\000\040\000p\000o\000u\001\176\000i\000t\000\375\000c\000h\000\040\000s\000i\000m\000u\000l\000a\001\015\000n\000\355\000c\000h\000\040\000j\000a\000z\000y\000k\001\157}{chapter.2}% 7
\BOOKMARK [2][-]{subsection.2.2.1}{\376\377\000M\000A\000T\000L\000A\000B}{section.2.2}% 8
\BOOKMARK [2][-]{subsection.2.2.2}{\376\377\000M\000o\000d\000e\000l\000i\000c\000a}{section.2.2}% 9
\BOOKMARK [2][-]{subsection.2.2.3}{\376\377\000P\000y\000t\000h\000o\000n}{section.2.2}% 10
\BOOKMARK [1][-]{section.2.3}{\376\377\000P\000o\000p\000i\000s\000\040\000p\000o\000u\001\176\000i\000t\000\375\000c\000h\000\040\000s\000i\000m\000u\000l\000a\001\015\000n\000\355\000c\000h\000\040\000n\000\341\000s\000t\000r\000o\000j\001\157}{chapter.2}% 11
\BOOKMARK [0][-]{chapter.3}{\376\377\000I\000m\000p\000l\000e\000m\000e\000n\000t\000a\000c\000e\000\040\000m\000o\000d\000e\000l\001\157}{}% 12
\BOOKMARK [0][-]{chapter.4}{\376\377\000P\000o\000r\000o\000v\000n\000\341\000n\000\355}{}% 13
\BOOKMARK [0][-]{chapter.5}{\376\377\000V\000\375\000s\000l\000e\000d\000k\000y\000\040\000p\000o\000r\000o\000v\000n\000\341\000n\000\355}{}% 14
\BOOKMARK [0][-]{chapter.6}{\376\377\000Z\000\341\000v\001\033\000r}{}% 15
\BOOKMARK [0][-]{chapter*.2}{\376\377\000L\000i\000t\000e\000r\000a\000t\000u\000r\000a}{}% 16
\BOOKMARK [0][-]{appendix.A}{\376\377\000J\000a\000k\000\040\000p\000r\000a\000c\000o\000v\000a\000t\000\040\000s\000\040\000t\000o\000u\000t\000o\000\040\001\141\000a\000b\000l\000o\000n\000o\000u}{}% 17
\BOOKMARK [0][-]{appendix.B}{\376\377\000P\000s\000a\000n\000\355\000\040\000a\000n\000g\000l\000i\000c\000k\000\351\000h\000o\000\040\000t\000e\000x\000t\000u}{}% 18
\BOOKMARK [0][-]{appendix.C}{\376\377\000C\000h\000e\000c\000k\000l\000i\000s\000t}{}% 19
\BOOKMARK [0][-]{appendix.D}{\376\377\000L\000a\000T\000e\000X\000p\000r\000o\000\040\000z\000a\001\015\000\341\000t\000e\001\015\000n\000\355\000k\000y}{}% 20
